{"/home/schmhun/projects/nutrien-gutenberg/src/parser.js": {"path":"/home/schmhun/projects/nutrien-gutenberg/src/parser.js","statementMap":{"0":{"start":{"line":2,"column":16},"end":{"line":10,"column":1}},"1":{"start":{"line":3,"column":28},"end":{"line":3,"column":110}},"2":{"start":{"line":3,"column":91},"end":{"line":3,"column":106}},"3":{"start":{"line":4,"column":4},"end":{"line":9,"column":7}},"4":{"start":{"line":5,"column":36},"end":{"line":5,"column":97}},"5":{"start":{"line":5,"column":42},"end":{"line":5,"column":70}},"6":{"start":{"line":5,"column":85},"end":{"line":5,"column":95}},"7":{"start":{"line":6,"column":35},"end":{"line":6,"column":100}},"8":{"start":{"line":6,"column":41},"end":{"line":6,"column":73}},"9":{"start":{"line":6,"column":88},"end":{"line":6,"column":98}},"10":{"start":{"line":7,"column":32},"end":{"line":7,"column":116}},"11":{"start":{"line":8,"column":8},"end":{"line":8,"column":78}},"12":{"start":{"line":11,"column":18},"end":{"line":37,"column":1}},"13":{"start":{"line":12,"column":12},"end":{"line":12,"column":104}},"14":{"start":{"line":12,"column":43},"end":{"line":12,"column":68}},"15":{"start":{"line":12,"column":57},"end":{"line":12,"column":68}},"16":{"start":{"line":12,"column":69},"end":{"line":12,"column":81}},"17":{"start":{"line":13,"column":4},"end":{"line":13,"column":157}},"18":{"start":{"line":13,"column":138},"end":{"line":13,"column":150}},"19":{"start":{"line":14,"column":23},"end":{"line":14,"column":68}},"20":{"start":{"line":14,"column":45},"end":{"line":14,"column":65}},"21":{"start":{"line":16,"column":8},"end":{"line":16,"column":70}},"22":{"start":{"line":16,"column":15},"end":{"line":16,"column":70}},"23":{"start":{"line":17,"column":8},"end":{"line":34,"column":66}},"24":{"start":{"line":17,"column":50},"end":{"line":34,"column":66}},"25":{"start":{"line":18,"column":12},"end":{"line":18,"column":169}},"26":{"start":{"line":18,"column":160},"end":{"line":18,"column":169}},"27":{"start":{"line":19,"column":12},"end":{"line":19,"column":52}},"28":{"start":{"line":19,"column":26},"end":{"line":19,"column":52}},"29":{"start":{"line":20,"column":12},"end":{"line":32,"column":13}},"30":{"start":{"line":21,"column":32},"end":{"line":21,"column":39}},"31":{"start":{"line":21,"column":40},"end":{"line":21,"column":46}},"32":{"start":{"line":22,"column":24},"end":{"line":22,"column":34}},"33":{"start":{"line":22,"column":35},"end":{"line":22,"column":72}},"34":{"start":{"line":23,"column":24},"end":{"line":23,"column":34}},"35":{"start":{"line":23,"column":35},"end":{"line":23,"column":45}},"36":{"start":{"line":23,"column":46},"end":{"line":23,"column":55}},"37":{"start":{"line":23,"column":56},"end":{"line":23,"column":65}},"38":{"start":{"line":24,"column":24},"end":{"line":24,"column":41}},"39":{"start":{"line":24,"column":42},"end":{"line":24,"column":55}},"40":{"start":{"line":24,"column":56},"end":{"line":24,"column":65}},"41":{"start":{"line":26,"column":20},"end":{"line":26,"column":128}},"42":{"start":{"line":26,"column":110},"end":{"line":26,"column":116}},"43":{"start":{"line":26,"column":117},"end":{"line":26,"column":126}},"44":{"start":{"line":27,"column":20},"end":{"line":27,"column":106}},"45":{"start":{"line":27,"column":81},"end":{"line":27,"column":97}},"46":{"start":{"line":27,"column":98},"end":{"line":27,"column":104}},"47":{"start":{"line":28,"column":20},"end":{"line":28,"column":89}},"48":{"start":{"line":28,"column":57},"end":{"line":28,"column":72}},"49":{"start":{"line":28,"column":73},"end":{"line":28,"column":80}},"50":{"start":{"line":28,"column":81},"end":{"line":28,"column":87}},"51":{"start":{"line":29,"column":20},"end":{"line":29,"column":87}},"52":{"start":{"line":29,"column":47},"end":{"line":29,"column":62}},"53":{"start":{"line":29,"column":63},"end":{"line":29,"column":78}},"54":{"start":{"line":29,"column":79},"end":{"line":29,"column":85}},"55":{"start":{"line":30,"column":20},"end":{"line":30,"column":42}},"56":{"start":{"line":30,"column":30},"end":{"line":30,"column":42}},"57":{"start":{"line":31,"column":20},"end":{"line":31,"column":33}},"58":{"start":{"line":31,"column":34},"end":{"line":31,"column":43}},"59":{"start":{"line":33,"column":12},"end":{"line":33,"column":39}},"60":{"start":{"line":34,"column":22},"end":{"line":34,"column":34}},"61":{"start":{"line":34,"column":35},"end":{"line":34,"column":41}},"62":{"start":{"line":34,"column":54},"end":{"line":34,"column":64}},"63":{"start":{"line":35,"column":8},"end":{"line":35,"column":35}},"64":{"start":{"line":35,"column":23},"end":{"line":35,"column":35}},"65":{"start":{"line":35,"column":36},"end":{"line":35,"column":89}},"66":{"start":{"line":38,"column":13},"end":{"line":53,"column":1}},"67":{"start":{"line":39,"column":12},"end":{"line":39,"column":62}},"68":{"start":{"line":40,"column":4},"end":{"line":40,"column":21}},"69":{"start":{"line":40,"column":12},"end":{"line":40,"column":21}},"70":{"start":{"line":41,"column":12},"end":{"line":41,"column":21}},"71":{"start":{"line":41,"column":31},"end":{"line":41,"column":33}},"72":{"start":{"line":42,"column":4},"end":{"line":51,"column":5}},"73":{"start":{"line":43,"column":8},"end":{"line":43,"column":83}},"74":{"start":{"line":43,"column":66},"end":{"line":43,"column":83}},"75":{"start":{"line":45,"column":20},"end":{"line":45,"column":41}},"76":{"start":{"line":47,"column":8},"end":{"line":50,"column":41}},"77":{"start":{"line":48,"column":12},"end":{"line":48,"column":61}},"78":{"start":{"line":48,"column":51},"end":{"line":48,"column":61}},"79":{"start":{"line":50,"column":18},"end":{"line":50,"column":39}},"80":{"start":{"line":50,"column":25},"end":{"line":50,"column":39}},"81":{"start":{"line":52,"column":4},"end":{"line":52,"column":14}},"82":{"start":{"line":54,"column":20},"end":{"line":62,"column":1}},"83":{"start":{"line":55,"column":4},"end":{"line":60,"column":5}},"84":{"start":{"line":55,"column":40},"end":{"line":60,"column":5}},"85":{"start":{"line":55,"column":53},"end":{"line":55,"column":54}},"86":{"start":{"line":55,"column":60},"end":{"line":55,"column":71}},"87":{"start":{"line":56,"column":8},"end":{"line":59,"column":9}},"88":{"start":{"line":57,"column":12},"end":{"line":57,"column":65}},"89":{"start":{"line":57,"column":21},"end":{"line":57,"column":65}},"90":{"start":{"line":58,"column":12},"end":{"line":58,"column":28}},"91":{"start":{"line":61,"column":4},"end":{"line":61,"column":61}},"92":{"start":{"line":63,"column":0},"end":{"line":63,"column":26}},"93":{"start":{"line":64,"column":0},"end":{"line":64,"column":110}},"94":{"start":{"line":65,"column":12},"end":{"line":65,"column":28}},"95":{"start":{"line":67,"column":4},"end":{"line":68,"column":18}},"96":{"start":{"line":68,"column":8},"end":{"line":68,"column":18}},"97":{"start":{"line":70,"column":22},"end":{"line":70,"column":380}},"98":{"start":{"line":72,"column":17},"end":{"line":72,"column":35}},"99":{"start":{"line":74,"column":4},"end":{"line":75,"column":18}},"100":{"start":{"line":75,"column":8},"end":{"line":75,"column":18}},"101":{"start":{"line":76,"column":4},"end":{"line":76,"column":18}},"102":{"start":{"line":78,"column":0},"end":{"line":78,"column":30}},"103":{"start":{"line":80,"column":17},"end":{"line":80,"column":44}},"104":{"start":{"line":81,"column":22},"end":{"line":81,"column":24}},"105":{"start":{"line":82,"column":4},"end":{"line":86,"column":7}},"106":{"start":{"line":83,"column":19},"end":{"line":83,"column":31}},"107":{"start":{"line":84,"column":8},"end":{"line":85,"column":35}},"108":{"start":{"line":85,"column":12},"end":{"line":85,"column":35}},"109":{"start":{"line":87,"column":4},"end":{"line":87,"column":23}},"110":{"start":{"line":89,"column":0},"end":{"line":89,"column":32}},"111":{"start":{"line":91,"column":23},"end":{"line":91,"column":32}},"112":{"start":{"line":92,"column":4},"end":{"line":99,"column":7}},"113":{"start":{"line":93,"column":8},"end":{"line":98,"column":9}},"114":{"start":{"line":94,"column":12},"end":{"line":94,"column":59}},"115":{"start":{"line":97,"column":12},"end":{"line":97,"column":35}},"116":{"start":{"line":100,"column":4},"end":{"line":100,"column":24}},"117":{"start":{"line":102,"column":0},"end":{"line":102,"column":34}},"118":{"start":{"line":104,"column":20},"end":{"line":104,"column":126}},"119":{"start":{"line":104,"column":103},"end":{"line":104,"column":122}},"120":{"start":{"line":105,"column":20},"end":{"line":108,"column":6}},"121":{"start":{"line":106,"column":17},"end":{"line":106,"column":30}},"122":{"start":{"line":106,"column":39},"end":{"line":106,"column":44}},"123":{"start":{"line":106,"column":54},"end":{"line":106,"column":59}},"124":{"start":{"line":107,"column":8},"end":{"line":107,"column":46}},"125":{"start":{"line":110,"column":4},"end":{"line":110,"column":21}},"126":{"start":{"line":112,"column":0},"end":{"line":112,"column":30}},"127":{"start":{"line":114,"column":4},"end":{"line":127,"column":7}},"128":{"start":{"line":116,"column":8},"end":{"line":126,"column":11}},"129":{"start":{"line":117,"column":12},"end":{"line":125,"column":13}},"130":{"start":{"line":118,"column":24},"end":{"line":118,"column":61}},"131":{"start":{"line":120,"column":20},"end":{"line":120,"column":37}},"132":{"start":{"line":121,"column":20},"end":{"line":121,"column":56}},"133":{"start":{"line":122,"column":20},"end":{"line":122,"column":57}},"134":{"start":{"line":123,"column":20},"end":{"line":123,"column":55}},"135":{"start":{"line":124,"column":20},"end":{"line":124,"column":55}},"136":{"start":{"line":129,"column":0},"end":{"line":129,"column":30}}},"fnMap":{"0":{"name":"(anonymous_0)","decl":{"start":{"line":2,"column":44},"end":{"line":2,"column":45}},"loc":{"start":{"line":2,"column":89},"end":{"line":10,"column":1}},"line":2},"1":{"name":"adopt","decl":{"start":{"line":3,"column":13},"end":{"line":3,"column":18}},"loc":{"start":{"line":3,"column":26},"end":{"line":3,"column":112}},"line":3},"2":{"name":"(anonymous_2)","decl":{"start":{"line":3,"column":70},"end":{"line":3,"column":71}},"loc":{"start":{"line":3,"column":89},"end":{"line":3,"column":108}},"line":3},"3":{"name":"(anonymous_3)","decl":{"start":{"line":4,"column":36},"end":{"line":4,"column":37}},"loc":{"start":{"line":4,"column":63},"end":{"line":9,"column":5}},"line":4},"4":{"name":"fulfilled","decl":{"start":{"line":5,"column":17},"end":{"line":5,"column":26}},"loc":{"start":{"line":5,"column":34},"end":{"line":5,"column":99}},"line":5},"5":{"name":"rejected","decl":{"start":{"line":6,"column":17},"end":{"line":6,"column":25}},"loc":{"start":{"line":6,"column":33},"end":{"line":6,"column":102}},"line":6},"6":{"name":"step","decl":{"start":{"line":7,"column":17},"end":{"line":7,"column":21}},"loc":{"start":{"line":7,"column":30},"end":{"line":7,"column":118}},"line":7},"7":{"name":"(anonymous_7)","decl":{"start":{"line":11,"column":48},"end":{"line":11,"column":49}},"loc":{"start":{"line":11,"column":73},"end":{"line":37,"column":1}},"line":11},"8":{"name":"(anonymous_8)","decl":{"start":{"line":12,"column":30},"end":{"line":12,"column":31}},"loc":{"start":{"line":12,"column":41},"end":{"line":12,"column":83}},"line":12},"9":{"name":"(anonymous_9)","decl":{"start":{"line":13,"column":125},"end":{"line":13,"column":126}},"loc":{"start":{"line":13,"column":136},"end":{"line":13,"column":152}},"line":13},"10":{"name":"verb","decl":{"start":{"line":14,"column":13},"end":{"line":14,"column":17}},"loc":{"start":{"line":14,"column":21},"end":{"line":14,"column":70}},"line":14},"11":{"name":"(anonymous_11)","decl":{"start":{"line":14,"column":30},"end":{"line":14,"column":31}},"loc":{"start":{"line":14,"column":43},"end":{"line":14,"column":67}},"line":14},"12":{"name":"step","decl":{"start":{"line":15,"column":13},"end":{"line":15,"column":17}},"loc":{"start":{"line":15,"column":22},"end":{"line":36,"column":5}},"line":15},"13":{"name":"(anonymous_13)","decl":{"start":{"line":38,"column":38},"end":{"line":38,"column":39}},"loc":{"start":{"line":38,"column":54},"end":{"line":53,"column":1}},"line":38},"14":{"name":"(anonymous_14)","decl":{"start":{"line":54,"column":52},"end":{"line":54,"column":53}},"loc":{"start":{"line":54,"column":78},"end":{"line":62,"column":1}},"line":54},"15":{"name":"parseWord","decl":{"start":{"line":66,"column":9},"end":{"line":66,"column":18}},"loc":{"start":{"line":66,"column":25},"end":{"line":77,"column":1}},"line":66},"16":{"name":"parseLines","decl":{"start":{"line":79,"column":9},"end":{"line":79,"column":19}},"loc":{"start":{"line":79,"column":26},"end":{"line":88,"column":1}},"line":79},"17":{"name":"(anonymous_17)","decl":{"start":{"line":82,"column":19},"end":{"line":82,"column":20}},"loc":{"start":{"line":82,"column":32},"end":{"line":86,"column":5}},"line":82},"18":{"name":"wordCounter","decl":{"start":{"line":90,"column":9},"end":{"line":90,"column":20}},"loc":{"start":{"line":90,"column":28},"end":{"line":101,"column":1}},"line":90},"19":{"name":"(anonymous_19)","decl":{"start":{"line":92,"column":18},"end":{"line":92,"column":19}},"loc":{"start":{"line":92,"column":31},"end":{"line":99,"column":5}},"line":92},"20":{"name":"sortWords","decl":{"start":{"line":103,"column":9},"end":{"line":103,"column":18}},"loc":{"start":{"line":103,"column":28},"end":{"line":111,"column":1}},"line":103},"21":{"name":"(anonymous_21)","decl":{"start":{"line":104,"column":85},"end":{"line":104,"column":86}},"loc":{"start":{"line":104,"column":101},"end":{"line":104,"column":124}},"line":104},"22":{"name":"(anonymous_22)","decl":{"start":{"line":105,"column":42},"end":{"line":105,"column":43}},"loc":{"start":{"line":105,"column":56},"end":{"line":108,"column":5}},"line":105},"23":{"name":"bookParse","decl":{"start":{"line":113,"column":9},"end":{"line":113,"column":18}},"loc":{"start":{"line":113,"column":24},"end":{"line":128,"column":1}},"line":113},"24":{"name":"(anonymous_24)","decl":{"start":{"line":114,"column":43},"end":{"line":114,"column":44}},"loc":{"start":{"line":114,"column":55},"end":{"line":127,"column":5}},"line":114},"25":{"name":"(anonymous_25)","decl":{"start":{"line":116,"column":33},"end":{"line":116,"column":34}},"loc":{"start":{"line":116,"column":47},"end":{"line":126,"column":9}},"line":116}},"branchMap":{"0":{"loc":{"start":{"line":2,"column":16},"end":{"line":10,"column":1}},"type":"binary-expr","locations":[{"start":{"line":2,"column":17},"end":{"line":2,"column":21}},{"start":{"line":2,"column":25},"end":{"line":2,"column":39}},{"start":{"line":2,"column":44},"end":{"line":10,"column":1}}],"line":2},"1":{"loc":{"start":{"line":3,"column":35},"end":{"line":3,"column":109}},"type":"cond-expr","locations":[{"start":{"line":3,"column":56},"end":{"line":3,"column":61}},{"start":{"line":3,"column":64},"end":{"line":3,"column":109}}],"line":3},"2":{"loc":{"start":{"line":4,"column":16},"end":{"line":4,"column":34}},"type":"binary-expr","locations":[{"start":{"line":4,"column":16},"end":{"line":4,"column":17}},{"start":{"line":4,"column":22},"end":{"line":4,"column":33}}],"line":4},"3":{"loc":{"start":{"line":7,"column":32},"end":{"line":7,"column":115}},"type":"cond-expr","locations":[{"start":{"line":7,"column":46},"end":{"line":7,"column":67}},{"start":{"line":7,"column":70},"end":{"line":7,"column":115}}],"line":7},"4":{"loc":{"start":{"line":8,"column":51},"end":{"line":8,"column":67}},"type":"binary-expr","locations":[{"start":{"line":8,"column":51},"end":{"line":8,"column":61}},{"start":{"line":8,"column":65},"end":{"line":8,"column":67}}],"line":8},"5":{"loc":{"start":{"line":11,"column":18},"end":{"line":37,"column":1}},"type":"binary-expr","locations":[{"start":{"line":11,"column":19},"end":{"line":11,"column":23}},{"start":{"line":11,"column":27},"end":{"line":11,"column":43}},{"start":{"line":11,"column":48},"end":{"line":37,"column":1}}],"line":11},"6":{"loc":{"start":{"line":12,"column":43},"end":{"line":12,"column":68}},"type":"if","locations":[{"start":{"line":12,"column":43},"end":{"line":12,"column":68}},{"start":{},"end":{}}],"line":12},"7":{"loc":{"start":{"line":13,"column":71},"end":{"line":13,"column":153}},"type":"binary-expr","locations":[{"start":{"line":13,"column":71},"end":{"line":13,"column":99}},{"start":{"line":13,"column":104},"end":{"line":13,"column":152}}],"line":13},"8":{"loc":{"start":{"line":16,"column":8},"end":{"line":16,"column":70}},"type":"if","locations":[{"start":{"line":16,"column":8},"end":{"line":16,"column":70}},{"start":{},"end":{}}],"line":16},"9":{"loc":{"start":{"line":17,"column":15},"end":{"line":17,"column":45}},"type":"binary-expr","locations":[{"start":{"line":17,"column":15},"end":{"line":17,"column":16}},{"start":{"line":17,"column":21},"end":{"line":17,"column":44}}],"line":17},"10":{"loc":{"start":{"line":17,"column":28},"end":{"line":17,"column":44}},"type":"binary-expr","locations":[{"start":{"line":17,"column":28},"end":{"line":17,"column":33}},{"start":{"line":17,"column":38},"end":{"line":17,"column":43}}],"line":17},"11":{"loc":{"start":{"line":18,"column":12},"end":{"line":18,"column":169}},"type":"if","locations":[{"start":{"line":18,"column":12},"end":{"line":18,"column":169}},{"start":{},"end":{}}],"line":18},"12":{"loc":{"start":{"line":18,"column":23},"end":{"line":18,"column":158}},"type":"binary-expr","locations":[{"start":{"line":18,"column":23},"end":{"line":18,"column":24}},{"start":{"line":18,"column":29},"end":{"line":18,"column":125}},{"start":{"line":18,"column":130},"end":{"line":18,"column":158}}],"line":18},"13":{"loc":{"start":{"line":18,"column":33},"end":{"line":18,"column":125}},"type":"cond-expr","locations":[{"start":{"line":18,"column":45},"end":{"line":18,"column":56}},{"start":{"line":18,"column":59},"end":{"line":18,"column":125}}],"line":18},"14":{"loc":{"start":{"line":18,"column":59},"end":{"line":18,"column":125}},"type":"cond-expr","locations":[{"start":{"line":18,"column":67},"end":{"line":18,"column":116}},{"start":{"line":18,"column":119},"end":{"line":18,"column":125}}],"line":18},"15":{"loc":{"start":{"line":18,"column":67},"end":{"line":18,"column":116}},"type":"binary-expr","locations":[{"start":{"line":18,"column":67},"end":{"line":18,"column":77}},{"start":{"line":18,"column":82},"end":{"line":18,"column":115}}],"line":18},"16":{"loc":{"start":{"line":18,"column":82},"end":{"line":18,"column":112}},"type":"binary-expr","locations":[{"start":{"line":18,"column":83},"end":{"line":18,"column":98}},{"start":{"line":18,"column":103},"end":{"line":18,"column":112}}],"line":18},"17":{"loc":{"start":{"line":19,"column":12},"end":{"line":19,"column":52}},"type":"if","locations":[{"start":{"line":19,"column":12},"end":{"line":19,"column":52}},{"start":{},"end":{}}],"line":19},"18":{"loc":{"start":{"line":20,"column":12},"end":{"line":32,"column":13}},"type":"switch","locations":[{"start":{"line":21,"column":16},"end":{"line":21,"column":23}},{"start":{"line":21,"column":24},"end":{"line":21,"column":46}},{"start":{"line":22,"column":16},"end":{"line":22,"column":72}},{"start":{"line":23,"column":16},"end":{"line":23,"column":65}},{"start":{"line":24,"column":16},"end":{"line":24,"column":65}},{"start":{"line":25,"column":16},"end":{"line":31,"column":43}}],"line":20},"19":{"loc":{"start":{"line":26,"column":20},"end":{"line":26,"column":128}},"type":"if","locations":[{"start":{"line":26,"column":20},"end":{"line":26,"column":128}},{"start":{},"end":{}}],"line":26},"20":{"loc":{"start":{"line":26,"column":24},"end":{"line":26,"column":106}},"type":"binary-expr","locations":[{"start":{"line":26,"column":24},"end":{"line":26,"column":74}},{"start":{"line":26,"column":79},"end":{"line":26,"column":90}},{"start":{"line":26,"column":94},"end":{"line":26,"column":105}}],"line":26},"21":{"loc":{"start":{"line":26,"column":42},"end":{"line":26,"column":73}},"type":"binary-expr","locations":[{"start":{"line":26,"column":42},"end":{"line":26,"column":54}},{"start":{"line":26,"column":58},"end":{"line":26,"column":73}}],"line":26},"22":{"loc":{"start":{"line":27,"column":20},"end":{"line":27,"column":106}},"type":"if","locations":[{"start":{"line":27,"column":20},"end":{"line":27,"column":106}},{"start":{},"end":{}}],"line":27},"23":{"loc":{"start":{"line":27,"column":24},"end":{"line":27,"column":77}},"type":"binary-expr","locations":[{"start":{"line":27,"column":24},"end":{"line":27,"column":35}},{"start":{"line":27,"column":40},"end":{"line":27,"column":42}},{"start":{"line":27,"column":47},"end":{"line":27,"column":59}},{"start":{"line":27,"column":63},"end":{"line":27,"column":75}}],"line":27},"24":{"loc":{"start":{"line":28,"column":20},"end":{"line":28,"column":89}},"type":"if","locations":[{"start":{"line":28,"column":20},"end":{"line":28,"column":89}},{"start":{},"end":{}}],"line":28},"25":{"loc":{"start":{"line":28,"column":24},"end":{"line":28,"column":53}},"type":"binary-expr","locations":[{"start":{"line":28,"column":24},"end":{"line":28,"column":35}},{"start":{"line":28,"column":39},"end":{"line":28,"column":53}}],"line":28},"26":{"loc":{"start":{"line":29,"column":20},"end":{"line":29,"column":87}},"type":"if","locations":[{"start":{"line":29,"column":20},"end":{"line":29,"column":87}},{"start":{},"end":{}}],"line":29},"27":{"loc":{"start":{"line":29,"column":24},"end":{"line":29,"column":43}},"type":"binary-expr","locations":[{"start":{"line":29,"column":24},"end":{"line":29,"column":25}},{"start":{"line":29,"column":29},"end":{"line":29,"column":43}}],"line":29},"28":{"loc":{"start":{"line":30,"column":20},"end":{"line":30,"column":42}},"type":"if","locations":[{"start":{"line":30,"column":20},"end":{"line":30,"column":42}},{"start":{},"end":{}}],"line":30},"29":{"loc":{"start":{"line":35,"column":8},"end":{"line":35,"column":35}},"type":"if","locations":[{"start":{"line":35,"column":8},"end":{"line":35,"column":35}},{"start":{},"end":{}}],"line":35},"30":{"loc":{"start":{"line":35,"column":52},"end":{"line":35,"column":74}},"type":"cond-expr","locations":[{"start":{"line":35,"column":60},"end":{"line":35,"column":65}},{"start":{"line":35,"column":68},"end":{"line":35,"column":74}}],"line":35},"31":{"loc":{"start":{"line":38,"column":13},"end":{"line":53,"column":1}},"type":"binary-expr","locations":[{"start":{"line":38,"column":14},"end":{"line":38,"column":18}},{"start":{"line":38,"column":22},"end":{"line":38,"column":33}},{"start":{"line":38,"column":38},"end":{"line":53,"column":1}}],"line":38},"32":{"loc":{"start":{"line":39,"column":12},"end":{"line":39,"column":62}},"type":"binary-expr","locations":[{"start":{"line":39,"column":12},"end":{"line":39,"column":40}},{"start":{"line":39,"column":44},"end":{"line":39,"column":62}}],"line":39},"33":{"loc":{"start":{"line":40,"column":4},"end":{"line":40,"column":21}},"type":"if","locations":[{"start":{"line":40,"column":4},"end":{"line":40,"column":21}},{"start":{},"end":{}}],"line":40},"34":{"loc":{"start":{"line":43,"column":15},"end":{"line":43,"column":64}},"type":"binary-expr","locations":[{"start":{"line":43,"column":16},"end":{"line":43,"column":28}},{"start":{"line":43,"column":32},"end":{"line":43,"column":39}},{"start":{"line":43,"column":44},"end":{"line":43,"column":64}}],"line":43},"35":{"loc":{"start":{"line":48,"column":12},"end":{"line":48,"column":61}},"type":"if","locations":[{"start":{"line":48,"column":12},"end":{"line":48,"column":61}},{"start":{},"end":{}}],"line":48},"36":{"loc":{"start":{"line":48,"column":16},"end":{"line":48,"column":49}},"type":"binary-expr","locations":[{"start":{"line":48,"column":16},"end":{"line":48,"column":17}},{"start":{"line":48,"column":21},"end":{"line":48,"column":28}},{"start":{"line":48,"column":33},"end":{"line":48,"column":48}}],"line":48},"37":{"loc":{"start":{"line":50,"column":18},"end":{"line":50,"column":39}},"type":"if","locations":[{"start":{"line":50,"column":18},"end":{"line":50,"column":39}},{"start":{},"end":{}}],"line":50},"38":{"loc":{"start":{"line":54,"column":20},"end":{"line":62,"column":1}},"type":"binary-expr","locations":[{"start":{"line":54,"column":21},"end":{"line":54,"column":25}},{"start":{"line":54,"column":29},"end":{"line":54,"column":47}},{"start":{"line":54,"column":52},"end":{"line":62,"column":1}}],"line":54},"39":{"loc":{"start":{"line":55,"column":4},"end":{"line":60,"column":5}},"type":"if","locations":[{"start":{"line":55,"column":4},"end":{"line":60,"column":5}},{"start":{},"end":{}}],"line":55},"40":{"loc":{"start":{"line":55,"column":8},"end":{"line":55,"column":38}},"type":"binary-expr","locations":[{"start":{"line":55,"column":8},"end":{"line":55,"column":12}},{"start":{"line":55,"column":16},"end":{"line":55,"column":38}}],"line":55},"41":{"loc":{"start":{"line":56,"column":8},"end":{"line":59,"column":9}},"type":"if","locations":[{"start":{"line":56,"column":8},"end":{"line":59,"column":9}},{"start":{},"end":{}}],"line":56},"42":{"loc":{"start":{"line":56,"column":12},"end":{"line":56,"column":30}},"type":"binary-expr","locations":[{"start":{"line":56,"column":12},"end":{"line":56,"column":14}},{"start":{"line":56,"column":18},"end":{"line":56,"column":30}}],"line":56},"43":{"loc":{"start":{"line":57,"column":12},"end":{"line":57,"column":65}},"type":"if","locations":[{"start":{"line":57,"column":12},"end":{"line":57,"column":65}},{"start":{},"end":{}}],"line":57},"44":{"loc":{"start":{"line":61,"column":21},"end":{"line":61,"column":59}},"type":"binary-expr","locations":[{"start":{"line":61,"column":21},"end":{"line":61,"column":23}},{"start":{"line":61,"column":27},"end":{"line":61,"column":59}}],"line":61},"45":{"loc":{"start":{"line":67,"column":4},"end":{"line":68,"column":18}},"type":"if","locations":[{"start":{"line":67,"column":4},"end":{"line":68,"column":18}},{"start":{},"end":{}}],"line":67},"46":{"loc":{"start":{"line":74,"column":4},"end":{"line":75,"column":18}},"type":"if","locations":[{"start":{"line":74,"column":4},"end":{"line":75,"column":18}},{"start":{},"end":{}}],"line":74},"47":{"loc":{"start":{"line":84,"column":8},"end":{"line":85,"column":35}},"type":"if","locations":[{"start":{"line":84,"column":8},"end":{"line":85,"column":35}},{"start":{},"end":{}}],"line":84},"48":{"loc":{"start":{"line":93,"column":8},"end":{"line":98,"column":9}},"type":"if","locations":[{"start":{"line":93,"column":8},"end":{"line":98,"column":9}},{"start":{"line":96,"column":13},"end":{"line":98,"column":9}}],"line":93},"49":{"loc":{"start":{"line":117,"column":12},"end":{"line":125,"column":13}},"type":"switch","locations":[{"start":{"line":118,"column":16},"end":{"line":118,"column":61}},{"start":{"line":119,"column":16},"end":{"line":124,"column":55}}],"line":117}},"s":{"0":1,"1":1,"2":0,"3":1,"4":1,"5":1,"6":0,"7":0,"8":0,"9":0,"10":2,"11":1,"12":1,"13":1,"14":1,"15":0,"16":1,"17":1,"18":0,"19":3,"20":2,"21":2,"22":0,"23":2,"24":4,"25":4,"26":0,"27":4,"28":0,"29":4,"30":2,"31":2,"32":1,"33":1,"34":0,"35":0,"36":0,"37":0,"38":0,"39":0,"40":0,"41":1,"42":1,"43":1,"44":0,"45":0,"46":0,"47":0,"48":0,"49":0,"50":0,"51":0,"52":0,"53":0,"54":0,"55":0,"56":0,"57":0,"58":0,"59":2,"60":0,"61":0,"62":4,"63":1,"64":0,"65":1,"66":1,"67":17298,"68":17298,"69":0,"70":17298,"71":17298,"72":17298,"73":17298,"74":51888,"75":0,"76":17298,"77":17298,"78":0,"79":17298,"80":0,"81":17298,"82":1,"83":2,"84":0,"85":0,"86":0,"87":0,"88":0,"89":0,"90":0,"91":2,"92":1,"93":1,"94":1,"95":288934,"96":66240,"97":222694,"98":222694,"99":222694,"100":85132,"101":137562,"102":1,"103":3,"104":3,"105":3,"106":288932,"107":288932,"108":137561,"109":3,"110":1,"111":2,"112":2,"113":137558,"114":120258,"115":17300,"116":2,"117":1,"118":2,"119":114615,"120":2,"121":17296,"122":17296,"123":17296,"124":17296,"125":2,"126":1,"127":1,"128":1,"129":2,"130":1,"131":1,"132":1,"133":1,"134":1,"135":1,"136":1},"f":{"0":1,"1":1,"2":0,"3":1,"4":1,"5":0,"6":2,"7":1,"8":1,"9":0,"10":3,"11":2,"12":2,"13":17298,"14":2,"15":288934,"16":3,"17":288932,"18":2,"19":137558,"20":2,"21":114615,"22":17296,"23":1,"24":1,"25":2},"b":{"0":[1,0,1],"1":[1,0],"2":[1,1],"3":[1,1],"4":[1,1],"5":[1,0,1],"6":[0,1],"7":[1,1],"8":[0,2],"9":[5,1],"10":[1,0],"11":[0,4],"12":[4,0,0],"13":[0,0],"14":[0,0],"15":[0,0],"16":[0,0],"17":[0,4],"18":[2,2,1,0,0,1],"19":[1,0],"20":[1,1,1],"21":[1,0],"22":[0,0],"23":[0,0,0,0],"24":[0,0],"25":[0,0],"26":[0,0],"27":[0,0],"28":[0,0],"29":[0,1],"30":[1,0],"31":[1,0,1],"32":[17298,17298],"33":[0,17298],"34":[69186,51888,51890],"35":[0,17298],"36":[17298,17298,17296],"37":[0,17298],"38":[1,0,1],"39":[0,2],"40":[2,2],"41":[0,0],"42":[0,0],"43":[0,0],"44":[2,2],"45":[66240,222694],"46":[85132,137562],"47":[137561,151371],"48":[120258,17300],"49":[1,1]},"_coverageSchema":"1a1c01bbd47fc00a2c39e90264f33305004495a9","hash":"7840e9c3f302cb2ec815b91f13cd1a55a4f1179e"}
}
