TN:
SF:src/parser.js
FN:2,(anonymous_0)
FN:3,adopt
FN:3,(anonymous_2)
FN:4,(anonymous_3)
FN:5,fulfilled
FN:6,rejected
FN:7,step
FN:11,(anonymous_7)
FN:12,(anonymous_8)
FN:13,(anonymous_9)
FN:14,verb
FN:14,(anonymous_11)
FN:15,step
FN:38,(anonymous_13)
FN:54,(anonymous_14)
FN:66,parseWord
FN:79,parseLines
FN:82,(anonymous_17)
FN:90,wordCounter
FN:92,(anonymous_19)
FN:103,sortWords
FN:104,(anonymous_21)
FN:105,(anonymous_22)
FN:113,bookParse
FN:114,(anonymous_24)
FN:116,(anonymous_25)
FNF:26
FNH:23
FNDA:1,(anonymous_0)
FNDA:1,adopt
FNDA:0,(anonymous_2)
FNDA:1,(anonymous_3)
FNDA:1,fulfilled
FNDA:0,rejected
FNDA:2,step
FNDA:1,(anonymous_7)
FNDA:1,(anonymous_8)
FNDA:0,(anonymous_9)
FNDA:3,verb
FNDA:2,(anonymous_11)
FNDA:2,step
FNDA:17298,(anonymous_13)
FNDA:2,(anonymous_14)
FNDA:288934,parseWord
FNDA:3,parseLines
FNDA:288932,(anonymous_17)
FNDA:2,wordCounter
FNDA:137558,(anonymous_19)
FNDA:2,sortWords
FNDA:114615,(anonymous_21)
FNDA:17296,(anonymous_22)
FNDA:1,bookParse
FNDA:1,(anonymous_24)
FNDA:2,(anonymous_25)
DA:2,1
DA:3,1
DA:4,1
DA:5,1
DA:6,0
DA:7,2
DA:8,1
DA:11,1
DA:12,1
DA:13,1
DA:14,3
DA:16,2
DA:17,4
DA:18,4
DA:19,4
DA:20,4
DA:21,2
DA:22,1
DA:23,0
DA:24,0
DA:26,1
DA:27,0
DA:28,0
DA:29,0
DA:30,0
DA:31,0
DA:33,2
DA:34,4
DA:35,1
DA:38,1
DA:39,17298
DA:40,17298
DA:41,17298
DA:42,17298
DA:43,51888
DA:45,0
DA:47,17298
DA:48,17298
DA:50,17298
DA:52,17298
DA:54,1
DA:55,2
DA:56,0
DA:57,0
DA:58,0
DA:61,2
DA:63,1
DA:64,1
DA:65,1
DA:67,288934
DA:68,66240
DA:70,222694
DA:72,222694
DA:74,222694
DA:75,85132
DA:76,137562
DA:78,1
DA:80,3
DA:81,3
DA:82,3
DA:83,288932
DA:84,288932
DA:85,137561
DA:87,3
DA:89,1
DA:91,2
DA:92,2
DA:93,137558
DA:94,120258
DA:97,17300
DA:100,2
DA:102,1
DA:104,114615
DA:105,2
DA:106,17296
DA:107,17296
DA:110,2
DA:112,1
DA:114,1
DA:116,1
DA:117,2
DA:118,1
DA:120,1
DA:121,1
DA:122,1
DA:123,1
DA:124,1
DA:129,1
LF:88
LH:76
BRDA:2,0,0,1
BRDA:2,0,1,0
BRDA:2,0,2,1
BRDA:3,1,0,1
BRDA:3,1,1,0
BRDA:4,2,0,1
BRDA:4,2,1,1
BRDA:7,3,0,1
BRDA:7,3,1,1
BRDA:8,4,0,1
BRDA:8,4,1,1
BRDA:11,5,0,1
BRDA:11,5,1,0
BRDA:11,5,2,1
BRDA:12,6,0,0
BRDA:12,6,1,1
BRDA:13,7,0,1
BRDA:13,7,1,1
BRDA:16,8,0,0
BRDA:16,8,1,2
BRDA:17,9,0,5
BRDA:17,9,1,1
BRDA:17,10,0,1
BRDA:17,10,1,0
BRDA:18,11,0,0
BRDA:18,11,1,4
BRDA:18,12,0,4
BRDA:18,12,1,0
BRDA:18,12,2,0
BRDA:18,13,0,0
BRDA:18,13,1,0
BRDA:18,14,0,0
BRDA:18,14,1,0
BRDA:18,15,0,0
BRDA:18,15,1,0
BRDA:18,16,0,0
BRDA:18,16,1,0
BRDA:19,17,0,0
BRDA:19,17,1,4
BRDA:20,18,0,2
BRDA:20,18,1,2
BRDA:20,18,2,1
BRDA:20,18,3,0
BRDA:20,18,4,0
BRDA:20,18,5,1
BRDA:26,19,0,1
BRDA:26,19,1,0
BRDA:26,20,0,1
BRDA:26,20,1,1
BRDA:26,20,2,1
BRDA:26,21,0,1
BRDA:26,21,1,0
BRDA:27,22,0,0
BRDA:27,22,1,0
BRDA:27,23,0,0
BRDA:27,23,1,0
BRDA:27,23,2,0
BRDA:27,23,3,0
BRDA:28,24,0,0
BRDA:28,24,1,0
BRDA:28,25,0,0
BRDA:28,25,1,0
BRDA:29,26,0,0
BRDA:29,26,1,0
BRDA:29,27,0,0
BRDA:29,27,1,0
BRDA:30,28,0,0
BRDA:30,28,1,0
BRDA:35,29,0,0
BRDA:35,29,1,1
BRDA:35,30,0,1
BRDA:35,30,1,0
BRDA:38,31,0,1
BRDA:38,31,1,0
BRDA:38,31,2,1
BRDA:39,32,0,17298
BRDA:39,32,1,17298
BRDA:40,33,0,0
BRDA:40,33,1,17298
BRDA:43,34,0,69186
BRDA:43,34,1,51888
BRDA:43,34,2,51890
BRDA:48,35,0,0
BRDA:48,35,1,17298
BRDA:48,36,0,17298
BRDA:48,36,1,17298
BRDA:48,36,2,17296
BRDA:50,37,0,0
BRDA:50,37,1,17298
BRDA:54,38,0,1
BRDA:54,38,1,0
BRDA:54,38,2,1
BRDA:55,39,0,0
BRDA:55,39,1,2
BRDA:55,40,0,2
BRDA:55,40,1,2
BRDA:56,41,0,0
BRDA:56,41,1,0
BRDA:56,42,0,0
BRDA:56,42,1,0
BRDA:57,43,0,0
BRDA:57,43,1,0
BRDA:61,44,0,2
BRDA:61,44,1,2
BRDA:67,45,0,66240
BRDA:67,45,1,222694
BRDA:74,46,0,85132
BRDA:74,46,1,137562
BRDA:84,47,0,137561
BRDA:84,47,1,151371
BRDA:93,48,0,120258
BRDA:93,48,1,17300
BRDA:117,49,0,1
BRDA:117,49,1,1
BRF:114
BRH:62
end_of_record
